

Started GET "/" for ::1 at 2017-03-01 11:36:02 +0530
Processing by Rails::WelcomeController#index as HTML
  Rendered /Library/Ruby/Gems/2.0.0/gems/railties-4.2.3/lib/rails/templates/rails/welcome/index.html.erb (11.1ms)
Completed 200 OK in 79ms (Views: 34.6ms | ActiveRecord: 0.0ms)
  [1m[36m (1.5ms)[0m  [1mCREATE TABLE "schema_migrations" ("version" varchar NOT NULL) [0m
  [1m[35m (18.5ms)[0m  select sqlite_version(*)
  [1m[36m (1.5ms)[0m  [1mCREATE UNIQUE INDEX "unique_schema_migrations" ON "schema_migrations" ("version")[0m
  [1m[35mActiveRecord::SchemaMigration Load (0.1ms)[0m  SELECT "schema_migrations".* FROM "schema_migrations"
Migrating to CreateCategories (20170301061224)
  [1m[36m (0.1ms)[0m  [1mbegin transaction[0m
  [1m[35m (0.4ms)[0m  CREATE TABLE "categories" ("id" INTEGER PRIMARY KEY AUTOINCREMENT NOT NULL, "name" varchar, "created_at" datetime NOT NULL, "updated_at" datetime NOT NULL) 
  [1m[36mSQL (0.3ms)[0m  [1mINSERT INTO "schema_migrations" ("version") VALUES (?)[0m  [["version", "20170301061224"]]
  [1m[35m (1.7ms)[0m  commit transaction
  [1m[36mActiveRecord::SchemaMigration Load (0.1ms)[0m  [1mSELECT "schema_migrations".* FROM "schema_migrations"[0m


Started GET "/categories" for ::1 at 2017-03-01 11:44:22 +0530
  [1m[36mActiveRecord::SchemaMigration Load (0.1ms)[0m  [1mSELECT "schema_migrations".* FROM "schema_migrations"[0m
Processing by CategoriesController#index as HTML
  [1m[35mCategory Load (0.2ms)[0m  SELECT "categories".* FROM "categories"
  Rendered categories/index.html.erb within layouts/application (1.8ms)
Completed 200 OK in 2384ms (Views: 2381.2ms | ActiveRecord: 0.2ms)


Started GET "/assets/categories.self-e3b0c44298fc1c149afbf4c8996fb92427ae41e4649b934ca495991b7852b855.css?body=1" for ::1 at 2017-03-01 11:44:25 +0530


Started GET "/assets/scaffolds.self-848eee7341ef695a8f3c6783f96da62e08f7a72b4251d51cd137f72d882f7013.css?body=1" for ::1 at 2017-03-01 11:44:25 +0530


Started GET "/assets/application.self-e80e8f2318043e8af94dddc2adad5a4f09739a8ebb323b3ab31cd71d45fd9113.css?body=1" for ::1 at 2017-03-01 11:44:25 +0530


Started GET "/assets/jquery.self-d03a5518f45df77341bdbe6201ba3bfa547ebba8ed64f0ea56bfa5f96ea7c074.js?body=1" for ::1 at 2017-03-01 11:44:25 +0530


Started GET "/assets/jquery_ujs.self-ca5248a2fad13d6bd58ea121318d642f195f0b2dd818b30615f785ff365e8d1f.js?body=1" for ::1 at 2017-03-01 11:44:25 +0530


Started GET "/assets/turbolinks.self-c37727e9bd6b2735da5c311aa83fead54ed0be6cc8bd9a65309e9c5abe2cbfff.js?body=1" for ::1 at 2017-03-01 11:44:25 +0530


Started GET "/assets/categories.self-877aef30ae1b040ab8a3aba4e3e309a11d7f2612f44dde450b5c157aa5f95c05.js?body=1" for ::1 at 2017-03-01 11:44:25 +0530


Started GET "/assets/application.self-3b8dabdc891efe46b9a144b400ad69e37d7e5876bdc39dee783419a69d7ca819.js?body=1" for ::1 at 2017-03-01 11:44:25 +0530


Started GET "/categories/new" for ::1 at 2017-03-01 11:44:29 +0530
Processing by CategoriesController#new as HTML
  Rendered categories/_form.html.erb (102.4ms)
  Rendered categories/new.html.erb within layouts/application (122.4ms)
Completed 200 OK in 158ms (Views: 151.7ms | ActiveRecord: 0.3ms)


Started GET "/categories" for ::1 at 2017-03-01 11:44:30 +0530
Processing by CategoriesController#index as HTML
  [1m[36mCategory Load (0.2ms)[0m  [1mSELECT "categories".* FROM "categories"[0m
  Rendered categories/index.html.erb within layouts/application (1.7ms)
Completed 200 OK in 84ms (Views: 82.6ms | ActiveRecord: 0.2ms)


Started GET "/categories/new" for ::1 at 2017-03-01 12:19:09 +0530
Processing by CategoriesController#new as HTML
  Rendered categories/_form.html.erb (8.6ms)
  Rendered categories/new.html.erb within layouts/application (34.0ms)
Completed 200 OK in 149ms (Views: 145.1ms | ActiveRecord: 0.0ms)


Started GET "/categories" for ::1 at 2017-03-01 12:19:11 +0530
Processing by CategoriesController#index as HTML
  [1m[35mCategory Load (0.6ms)[0m  SELECT "categories".* FROM "categories"
  Rendered categories/index.html.erb within layouts/application (4.0ms)
Completed 200 OK in 42ms (Views: 40.2ms | ActiveRecord: 0.6ms)


Started GET "/categories/new" for ::1 at 2017-03-01 12:19:12 +0530
Processing by CategoriesController#new as HTML
  Rendered categories/_form.html.erb (1.4ms)
  Rendered categories/new.html.erb within layouts/application (2.4ms)
Completed 200 OK in 32ms (Views: 31.7ms | ActiveRecord: 0.0ms)


Started POST "/categories" for ::1 at 2017-03-01 12:19:13 +0530
Processing by CategoriesController#create as HTML
  Parameters: {"utf8"=>"✓", "authenticity_token"=>"vHunx1wYeUJfwTC7/HEL2OcH7mQPYPPtaJwlKwqi4FCcRXu8JNlOGR4ccHl2lNMq5FnbkjgGiUw1ZEt4E5GvHg==", "category"=>{"name"=>""}, "commit"=>"Create Category"}
  [1m[36m (0.3ms)[0m  [1mbegin transaction[0m
  [1m[35mSQL (11.7ms)[0m  INSERT INTO "categories" ("name", "created_at", "updated_at") VALUES (?, ?, ?)  [["name", ""], ["created_at", "2017-03-01 06:49:13.534499"], ["updated_at", "2017-03-01 06:49:13.534499"]]
  [1m[36m (1.4ms)[0m  [1mcommit transaction[0m
Redirected to http://localhost:3000/categories/1
Completed 302 Found in 36ms (ActiveRecord: 13.4ms)


Started GET "/categories/1" for ::1 at 2017-03-01 12:19:13 +0530
Processing by CategoriesController#show as HTML
  Parameters: {"id"=>"1"}
  [1m[35mCategory Load (0.2ms)[0m  SELECT  "categories".* FROM "categories" WHERE "categories"."id" = ? LIMIT 1  [["id", 1]]
  Rendered categories/show.html.erb within layouts/application (1.4ms)
Completed 200 OK in 90ms (Views: 47.8ms | ActiveRecord: 0.2ms)


Started GET "/categories/1/edit" for ::1 at 2017-03-01 12:19:18 +0530
Processing by CategoriesController#edit as HTML
  Parameters: {"id"=>"1"}
  [1m[36mCategory Load (0.1ms)[0m  [1mSELECT  "categories".* FROM "categories" WHERE "categories"."id" = ? LIMIT 1[0m  [["id", 1]]
  Rendered categories/_form.html.erb (2.1ms)
  Rendered categories/edit.html.erb within layouts/application (4.0ms)
Completed 200 OK in 57ms (Views: 54.9ms | ActiveRecord: 0.1ms)


Started PATCH "/categories/1" for ::1 at 2017-03-01 12:19:21 +0530
Processing by CategoriesController#update as HTML
  Parameters: {"utf8"=>"✓", "authenticity_token"=>"XmeUj30k/8nZo0M2vEs4sfhY6GZupTBxY3BMYwk5KTl+WUj0BeXIkph+A/Q2ruBD+wbdkFnDStA+iCIwEApmdw==", "category"=>{"name"=>""}, "commit"=>"Update Category", "id"=>"1"}
  [1m[35mCategory Load (0.1ms)[0m  SELECT  "categories".* FROM "categories" WHERE "categories"."id" = ? LIMIT 1  [["id", 1]]
  [1m[36m (0.1ms)[0m  [1mbegin transaction[0m
  [1m[35m (0.1ms)[0m  commit transaction
Redirected to http://localhost:3000/categories/1
Completed 302 Found in 99ms (ActiveRecord: 0.3ms)


Started GET "/categories/1" for ::1 at 2017-03-01 12:19:21 +0530
Processing by CategoriesController#show as HTML
  Parameters: {"id"=>"1"}
  [1m[36mCategory Load (0.1ms)[0m  [1mSELECT  "categories".* FROM "categories" WHERE "categories"."id" = ? LIMIT 1[0m  [["id", 1]]
  Rendered categories/show.html.erb within layouts/application (0.3ms)
Completed 200 OK in 28ms (Views: 26.4ms | ActiveRecord: 0.1ms)


Started GET "/categories/1/edit" for ::1 at 2017-03-01 12:19:25 +0530
Processing by CategoriesController#edit as HTML
  Parameters: {"id"=>"1"}
  [1m[35mCategory Load (0.1ms)[0m  SELECT  "categories".* FROM "categories" WHERE "categories"."id" = ? LIMIT 1  [["id", 1]]
  Rendered categories/_form.html.erb (1.8ms)
  Rendered categories/edit.html.erb within layouts/application (2.8ms)
Completed 200 OK in 29ms (Views: 28.0ms | ActiveRecord: 0.1ms)


Started PATCH "/categories/1" for ::1 at 2017-03-01 12:19:47 +0530
Processing by CategoriesController#update as HTML
  Parameters: {"utf8"=>"✓", "authenticity_token"=>"uIxbiKLrK3CQUzqhDbk31vvh8TvhBn+JnQVeIgi9QEeYsofz2iocK9GOemOHXO8k+L/EzdZgBSjA/TBxEY4PCQ==", "category"=>{"name"=>"News paper"}, "commit"=>"Update Category", "id"=>"1"}
  [1m[36mCategory Load (0.1ms)[0m  [1mSELECT  "categories".* FROM "categories" WHERE "categories"."id" = ? LIMIT 1[0m  [["id", 1]]
  [1m[35m (0.1ms)[0m  begin transaction
  [1m[36mSQL (0.3ms)[0m  [1mUPDATE "categories" SET "name" = ?, "updated_at" = ? WHERE "categories"."id" = ?[0m  [["name", "News paper"], ["updated_at", "2017-03-01 06:49:47.803931"], ["id", 1]]
  [1m[35m (1.0ms)[0m  commit transaction
Redirected to http://localhost:3000/categories/1
Completed 302 Found in 6ms (ActiveRecord: 1.5ms)


Started GET "/categories/1" for ::1 at 2017-03-01 12:19:47 +0530
Processing by CategoriesController#show as HTML
  Parameters: {"id"=>"1"}
  [1m[36mCategory Load (0.1ms)[0m  [1mSELECT  "categories".* FROM "categories" WHERE "categories"."id" = ? LIMIT 1[0m  [["id", 1]]
  Rendered categories/show.html.erb within layouts/application (0.3ms)
Completed 200 OK in 25ms (Views: 24.1ms | ActiveRecord: 0.1ms)


Started GET "/categories" for ::1 at 2017-03-01 12:19:50 +0530
Processing by CategoriesController#index as HTML
  [1m[35mCategory Load (0.2ms)[0m  SELECT "categories".* FROM "categories"
  Rendered categories/index.html.erb within layouts/application (1.4ms)
Completed 200 OK in 30ms (Views: 29.1ms | ActiveRecord: 0.2ms)
